<?xml version="1.0" encoding="UTF-8"?>
<testsuite xmlns:xsi="http://www.w3.org/2001/XMLSchema-instance" xsi:noNamespaceSchemaLocation="https://maven.apache.org/surefire/maven-surefire-plugin/xsd/surefire-test-report.xsd" name="com.example.demo.repository.PlayerRepositoryTest" time="0.62" tests="2" errors="1" skipped="0" failures="0">
  <properties>
[...]
</properties>
  <testcase name="printPlayerByNameContaining" classname="com.example.demo.repository.PlayerRepositoryTest" time="0.462"/>
  <testcase name="savePlayer" classname="com.example.demo.repository.PlayerRepositoryTest" time="0.138">
    <error message="could not execute statement; nested exception is org.hibernate.exception.GenericJDBCException: could not execute statement" type="org.springframework.orm.jpa.JpaSystemException">org.springframework.orm.jpa.JpaSystemException: could not execute statement; nested exception is org.hibernate.exception.GenericJDBCException: could not execute statement
	at com.example.demo.repository.PlayerRepositoryTest.savePlayer(PlayerRepositoryTest.java:20)
Caused by: org.hibernate.exception.GenericJDBCException: could not execute statement
	at com.example.demo.repository.PlayerRepositoryTest.savePlayer(PlayerRepositoryTest.java:20)
Caused by: java.sql.SQLException: Field 'player_one_logged_in' doesn't have a default value
	at com.example.demo.repository.PlayerRepositoryTest.savePlayer(PlayerRepositoryTest.java:20)
</error>
    <system-out><![CDATA[Hibernate: insert into tbl_player (games_lost, games_played, games_won, name_of_player, password) values (?, ?, ?, ?, ?)
2023-09-18 17:58:16.424  WARN 50004 --- [           main] o.h.engine.jdbc.spi.SqlExceptionHelper   : SQL Error: 1364, SQLState: HY000
2023-09-18 17:58:16.425 ERROR 50004 --- [           main] o.h.engine.jdbc.spi.SqlExceptionHelper   : Field 'player_one_logged_in' doesn't have a default value
]]></system-out>
  </testcase>
</testsuite>